2025-07-13 01:12:00.169 [main] INFO  c.l.config.ConfigurationManager - Configuration loaded from /Users/aymenkhan/Desktop/leet2hub/config.properties
2025-07-13 01:12:00.170 [main] ERROR c.l.config.ConfigurationManager - GitHub repository is not configured
2025-07-13 01:12:00.170 [main] ERROR com.leetcodetojava.LeetCodeUploader - Invalid configuration. Please check your GitHub token and repository settings.
2025-07-13 01:13:59.457 [main] INFO  c.l.config.ConfigurationManager - Configuration loaded from /Users/aymenkhan/Desktop/leet2hub/config.properties
2025-07-13 01:13:59.457 [main] ERROR c.l.config.ConfigurationManager - GitHub repository is not configured
2025-07-13 01:13:59.457 [main] ERROR com.leetcodetojava.LeetCodeUploader - Invalid configuration. Please check your GitHub token and repository settings.
2025-07-13 01:15:50.922 [main] INFO  c.l.config.ConfigurationManager - Configuration loaded from /Users/aymenkhan/Desktop/leet2hub/config.properties
2025-07-13 01:15:50.923 [main] ERROR c.l.config.ConfigurationManager - GitHub repository is not configured
2025-07-13 01:15:50.923 [main] ERROR com.leetcodetojava.LeetCodeUploader - Invalid configuration. Please check your GitHub token and repository settings.
2025-07-13 01:15:59.848 [main] INFO  c.l.config.ConfigurationManager - Configuration loaded from /Users/aymenkhan/Desktop/leet2hub/config.properties
2025-07-13 01:15:59.849 [main] ERROR c.l.config.ConfigurationManager - GitHub repository is not configured
2025-07-13 01:15:59.849 [main] ERROR com.leetcodetojava.LeetCodeUploader - Invalid configuration. Please check your GitHub token and repository settings.
2025-07-13 01:17:32.343 [main] INFO  c.l.config.ConfigurationManager - Configuration loaded from /Users/aymenkhan/Desktop/leet2hub/config.properties
2025-07-13 01:17:32.344 [main] ERROR c.l.config.ConfigurationManager - GitHub repository is not configured
2025-07-13 01:17:32.344 [main] ERROR com.leetcodetojava.LeetCodeUploader - Invalid configuration. Please check your GitHub token and repository settings.
2025-07-13 01:18:42.149 [main] INFO  c.l.config.ConfigurationManager - Configuration loaded from /Users/aymenkhan/Desktop/leet2hub/config.properties
2025-07-13 01:18:42.150 [main] WARN  c.l.config.ConfigurationManager - GitHub token format doesn't match expected pattern
2025-07-13 01:18:42.150 [main] INFO  c.l.config.ConfigurationManager - Configuration validation passed
2025-07-13 01:18:42.150 [main] INFO  com.leetcodetojava.LeetCodeUploader - Configuration loaded successfully
2025-07-13 01:18:42.151 [main] INFO  com.leetcodetojava.LeetCodeUploader - GitHub Repository: https://github.com/siddiquealikhan/leetcode-solutions
2025-07-13 01:18:42.151 [main] INFO  com.leetcodetojava.LeetCodeUploader - Monitoring LeetCode submissions...
2025-07-13 01:18:42.151 [main] INFO  com.leetcodetojava.LeetCodeUploader - Monitoring started. Checking for submissions every 3 seconds...
2025-07-13 01:18:44.265 [pool-1-thread-1] INFO  c.l.service.LeetCodeMonitorService - WebDriver initialized successfully
2025-07-13 01:18:44.563 [pool-1-thread-1] INFO  c.l.service.LeetCodeMonitorService - Navigated to LeetCode
2025-07-13 01:19:40.720 [main] INFO  c.l.config.ConfigurationManager - Configuration loaded from /Users/aymenkhan/Desktop/leet2hub/config.properties
2025-07-13 01:19:40.720 [main] WARN  c.l.config.ConfigurationManager - GitHub token format doesn't match expected pattern
2025-07-13 01:19:40.720 [main] INFO  c.l.config.ConfigurationManager - Configuration validation passed
2025-07-13 01:19:40.720 [main] INFO  com.leetcodetojava.LeetCodeUploader - Configuration loaded successfully
2025-07-13 01:19:40.720 [main] INFO  com.leetcodetojava.LeetCodeUploader - GitHub Repository: https://github.com/siddiquealikhan/leetcode-solutions
2025-07-13 01:19:40.720 [main] INFO  com.leetcodetojava.LeetCodeUploader - Monitoring LeetCode submissions...
2025-07-13 01:19:40.721 [main] INFO  com.leetcodetojava.LeetCodeUploader - Monitoring started. Checking for submissions every 3 seconds...
2025-07-13 01:19:41.909 [pool-1-thread-1] INFO  c.l.service.LeetCodeMonitorService - WebDriver initialized successfully
2025-07-13 01:19:42.187 [pool-1-thread-1] INFO  c.l.service.LeetCodeMonitorService - Navigated to LeetCode
2025-07-13 01:19:55.937 [Thread-0] INFO  com.leetcodetojava.LeetCodeUploader - Shutting down LeetCode Uploader...
2025-07-13 01:19:55.945 [Thread-0] INFO  com.leetcodetojava.LeetCodeUploader - LeetCode Uploader stopped.
2025-07-13 01:21:11.014 [main] INFO  c.l.config.ConfigurationManager - Configuration loaded from /Users/aymenkhan/Desktop/leet2hub/config.properties
2025-07-13 01:21:11.015 [main] WARN  c.l.config.ConfigurationManager - GitHub token format doesn't match expected pattern
2025-07-13 01:21:11.015 [main] INFO  c.l.config.ConfigurationManager - Configuration validation passed
2025-07-13 01:21:11.015 [main] INFO  com.leetcodetojava.LeetCodeUploader - Configuration loaded successfully
2025-07-13 01:21:11.016 [main] INFO  com.leetcodetojava.LeetCodeUploader - GitHub Repository: https://github.com/siddiquealikhan/leetcode-solutions
2025-07-13 01:21:11.016 [main] INFO  com.leetcodetojava.LeetCodeUploader - Monitoring LeetCode submissions...
2025-07-13 01:21:11.016 [main] INFO  com.leetcodetojava.LeetCodeUploader - Monitoring started. Checking for submissions every 3 seconds...
2025-07-13 01:21:11.939 [pool-1-thread-1] INFO  c.l.service.LeetCodeMonitorService - WebDriver initialized successfully
2025-07-13 01:21:12.121 [pool-1-thread-1] INFO  c.l.service.LeetCodeMonitorService - Navigated to LeetCode
2025-07-13 01:23:18.178 [Thread-0] INFO  com.leetcodetojava.LeetCodeUploader - Shutting down LeetCode Uploader...
2025-07-13 01:23:18.178 [Thread-0] INFO  com.leetcodetojava.LeetCodeUploader - Shutting down LeetCode Uploader...
2025-07-13 01:23:18.187 [Thread-0] INFO  com.leetcodetojava.LeetCodeUploader - LeetCode Uploader stopped.
2025-07-13 01:23:18.189 [Thread-0] INFO  com.leetcodetojava.LeetCodeUploader - LeetCode Uploader stopped.
2025-07-13 01:24:44.575 [main] INFO  c.l.config.ConfigurationManager - Configuration loaded from /Users/aymenkhan/Desktop/leet2hub/config.properties
2025-07-13 01:24:44.576 [main] WARN  c.l.config.ConfigurationManager - GitHub token format doesn't match expected pattern
2025-07-13 01:24:44.576 [main] INFO  c.l.config.ConfigurationManager - Configuration validation passed
2025-07-13 01:24:44.576 [main] INFO  com.leetcodetojava.LeetCodeUploader - Configuration loaded successfully
2025-07-13 01:24:44.576 [main] INFO  com.leetcodetojava.LeetCodeUploader - GitHub Repository: https://github.com/siddiquealikhan/leetcode-solutions
2025-07-13 01:24:44.576 [main] INFO  com.leetcodetojava.LeetCodeUploader - Monitoring LeetCode submissions...
2025-07-13 01:24:44.576 [main] INFO  com.leetcodetojava.LeetCodeUploader - Monitoring started. Checking for submissions every 3 seconds...
2025-07-13 01:24:45.895 [pool-1-thread-1] INFO  c.l.service.LeetCodeMonitorService - WebDriver initialized successfully
2025-07-13 01:24:46.102 [pool-1-thread-1] INFO  c.l.service.LeetCodeMonitorService - Navigated to LeetCode
2025-07-13 01:29:29.766 [Thread-0] INFO  com.leetcodetojava.LeetCodeUploader - Shutting down LeetCode Uploader...
2025-07-13 01:29:29.768 [Thread-0] INFO  com.leetcodetojava.LeetCodeUploader - LeetCode Uploader stopped.
2025-07-13 01:29:38.421 [main] INFO  c.l.config.ConfigurationManager - Configuration loaded from /Users/aymenkhan/Desktop/leet2hub/config.properties
2025-07-13 01:29:38.422 [main] WARN  c.l.config.ConfigurationManager - GitHub token format doesn't match expected pattern
2025-07-13 01:29:38.422 [main] INFO  c.l.config.ConfigurationManager - Configuration validation passed
2025-07-13 01:29:38.422 [main] INFO  com.leetcodetojava.LeetCodeUploader - Configuration loaded successfully
2025-07-13 01:29:38.422 [main] INFO  com.leetcodetojava.LeetCodeUploader - GitHub Repository: https://github.com/siddiquealikhan/leetcode-solutions
2025-07-13 01:29:38.422 [main] INFO  com.leetcodetojava.LeetCodeUploader - Monitoring LeetCode submissions...
2025-07-13 01:29:38.422 [main] INFO  com.leetcodetojava.LeetCodeUploader - Monitoring started. Checking for submissions every 3 seconds...
2025-07-13 01:29:39.469 [pool-1-thread-1] INFO  c.l.service.LeetCodeMonitorService - WebDriver initialized successfully
2025-07-13 01:29:39.632 [pool-1-thread-1] INFO  c.l.service.LeetCodeMonitorService - Navigated to LeetCode
2025-07-13 01:32:16.048 [Thread-0] INFO  com.leetcodetojava.LeetCodeUploader - Shutting down LeetCode Uploader...
2025-07-13 01:32:16.052 [Thread-0] INFO  com.leetcodetojava.LeetCodeUploader - LeetCode Uploader stopped.
2025-07-13 01:32:18.988 [main] INFO  c.l.config.ConfigurationManager - Configuration loaded from /Users/aymenkhan/Desktop/leet2hub/config.properties
2025-07-13 01:32:18.988 [main] WARN  c.l.config.ConfigurationManager - GitHub token format doesn't match expected pattern
2025-07-13 01:32:18.988 [main] INFO  c.l.config.ConfigurationManager - Configuration validation passed
2025-07-13 01:32:18.988 [main] INFO  com.leetcodetojava.LeetCodeUploader - Configuration loaded successfully
2025-07-13 01:32:18.988 [main] INFO  com.leetcodetojava.LeetCodeUploader - GitHub Repository: https://github.com/siddiquealikhan/leetcode-solutions
2025-07-13 01:32:18.988 [main] INFO  com.leetcodetojava.LeetCodeUploader - Monitoring LeetCode submissions...
2025-07-13 01:32:18.990 [main] INFO  com.leetcodetojava.LeetCodeUploader - Monitoring started. Checking for submissions every 3 seconds...
2025-07-13 01:32:20.225 [pool-1-thread-1] INFO  c.l.service.LeetCodeMonitorService - WebDriver initialized successfully
2025-07-13 01:32:42.624 [pool-1-thread-1] INFO  c.l.service.LeetCodeMonitorService - Navigated to LeetCode
2025-07-13 01:34:24.014 [Thread-0] INFO  com.leetcodetojava.LeetCodeUploader - Shutting down LeetCode Uploader...
2025-07-13 01:34:24.016 [Thread-0] INFO  com.leetcodetojava.LeetCodeUploader - LeetCode Uploader stopped.
2025-07-13 01:34:39.901 [main] INFO  c.l.config.ConfigurationManager - Configuration loaded from /Users/aymenkhan/Desktop/leet2hub/config.properties
2025-07-13 01:34:39.902 [main] WARN  c.l.config.ConfigurationManager - GitHub token format doesn't match expected pattern
2025-07-13 01:34:39.902 [main] INFO  c.l.config.ConfigurationManager - Configuration validation passed
2025-07-13 01:34:39.902 [main] INFO  com.leetcodetojava.LeetCodeUploader - Configuration loaded successfully
2025-07-13 01:34:39.902 [main] INFO  com.leetcodetojava.LeetCodeUploader - GitHub Repository: https://github.com/siddiquealikhan/leetcode-solutions
2025-07-13 01:34:39.902 [main] INFO  com.leetcodetojava.LeetCodeUploader - Monitoring LeetCode submissions...
2025-07-13 01:34:39.903 [main] INFO  com.leetcodetojava.LeetCodeUploader - Monitoring started. Checking for submissions every 3 seconds...
2025-07-13 01:34:40.910 [pool-1-thread-1] INFO  c.l.service.LeetCodeMonitorService - WebDriver initialized successfully
2025-07-13 01:34:41.105 [pool-1-thread-1] INFO  c.l.service.LeetCodeMonitorService - Navigated to LeetCode
2025-07-13 01:35:58.734 [Thread-0] INFO  com.leetcodetojava.LeetCodeUploader - Shutting down LeetCode Uploader...
2025-07-13 01:35:58.735 [Thread-0] INFO  com.leetcodetojava.LeetCodeUploader - LeetCode Uploader stopped.
2025-07-13 01:36:02.128 [main] INFO  c.l.config.ConfigurationManager - Configuration loaded from /Users/aymenkhan/Desktop/leet2hub/config.properties
2025-07-13 01:36:02.128 [main] WARN  c.l.config.ConfigurationManager - GitHub token format doesn't match expected pattern
2025-07-13 01:36:02.128 [main] INFO  c.l.config.ConfigurationManager - Configuration validation passed
2025-07-13 01:36:02.128 [main] INFO  com.leetcodetojava.LeetCodeUploader - Configuration loaded successfully
2025-07-13 01:36:02.128 [main] INFO  com.leetcodetojava.LeetCodeUploader - GitHub Repository: https://github.com/siddiquealikhan/leetcode-solutions
2025-07-13 01:36:02.128 [main] INFO  com.leetcodetojava.LeetCodeUploader - Monitoring LeetCode submissions...
2025-07-13 01:36:02.129 [main] INFO  com.leetcodetojava.LeetCodeUploader - Monitoring started. Checking for submissions every 3 seconds...
2025-07-13 01:36:02.131 [pool-1-thread-1] INFO  c.l.service.LeetCodeMonitorService - Running in visible mode - Chrome window should be visible
2025-07-13 01:36:03.232 [pool-1-thread-1] INFO  c.l.service.LeetCodeMonitorService - WebDriver initialized successfully
2025-07-13 01:36:04.441 [pool-1-thread-1] INFO  c.l.service.LeetCodeMonitorService - Navigated to LeetCode
2025-07-13 01:37:14.271 [pool-1-thread-1] INFO  c.l.service.LeetCodeMonitorService - Detected problem: add-two-numbers
2025-07-13 01:37:50.152 [pool-1-thread-1] INFO  c.l.service.LeetCodeMonitorService - Redirecting from submissions page to main problem page: https://leetcode.com/problems/add-two-numbers/
2025-07-13 01:38:08.146 [pool-1-thread-1] INFO  c.l.service.LeetCodeMonitorService - Redirecting from submissions page to main problem page: https://leetcode.com/problems/add-two-numbers/
2025-07-13 01:38:23.146 [pool-1-thread-1] INFO  c.l.service.LeetCodeMonitorService - Redirecting from submissions page to main problem page: https://leetcode.com/problems/add-two-numbers/
2025-07-13 01:39:32.144 [pool-1-thread-1] INFO  c.l.service.LeetCodeMonitorService - Detected problem: zigzag-conversion
2025-07-13 01:39:56.250 [pool-1-thread-1] INFO  c.l.service.LeetCodeMonitorService - Redirecting from submissions page to main problem page: https://leetcode.com/problems/zigzag-conversion/
2025-07-13 01:40:11.139 [pool-1-thread-1] INFO  c.l.service.LeetCodeMonitorService - Redirecting from submissions page to main problem page: https://leetcode.com/problems/zigzag-conversion/
2025-07-13 01:40:42.627 [pool-1-thread-1] INFO  c.l.service.LeetCodeMonitorService - Detected problem: palindrome-number
2025-07-13 01:41:11.163 [pool-1-thread-1] INFO  c.l.service.LeetCodeMonitorService - Redirecting from submissions page to main problem page: https://leetcode.com/problems/palindrome-number/
2025-07-13 01:42:02.145 [pool-1-thread-1] INFO  c.l.service.LeetCodeMonitorService - Redirecting from submissions page to main problem page: https://leetcode.com/problems/palindrome-number/
2025-07-13 01:42:40.442 [Thread-0] INFO  com.leetcodetojava.LeetCodeUploader - Shutting down LeetCode Uploader...
2025-07-13 01:42:40.445 [Thread-0] INFO  com.leetcodetojava.LeetCodeUploader - LeetCode Uploader stopped.
2025-07-13 01:42:44.797 [main] INFO  c.l.config.ConfigurationManager - Configuration loaded from /Users/aymenkhan/Desktop/leet2hub/config.properties
2025-07-13 01:42:44.797 [main] WARN  c.l.config.ConfigurationManager - GitHub token format doesn't match expected pattern
2025-07-13 01:42:44.797 [main] INFO  c.l.config.ConfigurationManager - Configuration validation passed
2025-07-13 01:42:44.797 [main] INFO  com.leetcodetojava.LeetCodeUploader - Configuration loaded successfully
2025-07-13 01:42:44.797 [main] INFO  com.leetcodetojava.LeetCodeUploader - GitHub Repository: https://github.com/siddiquealikhan/leetcode-solutions
2025-07-13 01:42:44.798 [main] INFO  com.leetcodetojava.LeetCodeUploader - Monitoring LeetCode submissions...
2025-07-13 01:42:44.798 [main] INFO  com.leetcodetojava.LeetCodeUploader - Monitoring started. Checking for submissions every 3 seconds...
2025-07-13 01:42:44.801 [pool-1-thread-1] INFO  c.l.service.LeetCodeMonitorService - Running in visible mode - Chrome window should be visible
2025-07-13 01:42:46.354 [pool-1-thread-1] INFO  c.l.service.LeetCodeMonitorService - WebDriver initialized successfully
2025-07-13 01:42:47.615 [pool-1-thread-1] INFO  c.l.service.LeetCodeMonitorService - Navigated to LeetCode
2025-07-13 01:43:47.725 [Thread-0] INFO  com.leetcodetojava.LeetCodeUploader - Shutting down LeetCode Uploader...
2025-07-13 01:43:47.727 [Thread-0] INFO  com.leetcodetojava.LeetCodeUploader - LeetCode Uploader stopped.
2025-07-13 01:43:56.313 [main] INFO  c.l.config.ConfigurationManager - Configuration loaded from /Users/aymenkhan/Desktop/leet2hub/config.properties
2025-07-13 01:43:56.314 [main] WARN  c.l.config.ConfigurationManager - GitHub token format doesn't match expected pattern
2025-07-13 01:43:56.314 [main] INFO  c.l.config.ConfigurationManager - Configuration validation passed
2025-07-13 01:43:56.314 [main] INFO  com.leetcodetojava.LeetCodeUploader - Configuration loaded successfully
2025-07-13 01:43:56.314 [main] INFO  com.leetcodetojava.LeetCodeUploader - GitHub Repository: https://github.com/siddiquealikhan/leetcode-solutions
2025-07-13 01:43:56.314 [main] INFO  com.leetcodetojava.LeetCodeUploader - Monitoring LeetCode submissions...
2025-07-13 01:43:56.315 [main] INFO  com.leetcodetojava.LeetCodeUploader - Monitoring started. Checking for submissions every 3 seconds...
2025-07-13 01:43:56.317 [pool-1-thread-1] INFO  c.l.service.LeetCodeMonitorService - Running in visible mode - Chrome window should be visible
2025-07-13 01:43:57.597 [pool-1-thread-1] INFO  c.l.service.LeetCodeMonitorService - WebDriver initialized successfully
2025-07-13 01:43:58.777 [pool-1-thread-1] INFO  c.l.service.LeetCodeMonitorService - Navigated to LeetCode
2025-07-13 01:44:50.981 [pool-1-thread-1] INFO  c.l.service.LeetCodeMonitorService - Detected problem: longest-palindromic-substring
2025-07-13 01:45:23.352 [pool-1-thread-1] INFO  c.l.service.LeetCodeMonitorService - Found accepted submission on submissions page for: longest-palindromic-substring
2025-07-13 01:45:23.353 [pool-1-thread-1] WARN  c.l.service.LeetCodeMonitorService - No pending submission found for accepted result: longest-palindromic-substring
2025-07-13 01:45:23.353 [pool-1-thread-1] INFO  c.l.service.LeetCodeMonitorService - Processed submission result, redirecting to main problem page: https://leetcode.com/problems/longest-palindromic-substring/
2025-07-13 01:46:50.322 [pool-1-thread-1] ERROR c.l.service.LeetCodeMonitorService - Error checking for submissions
org.openqa.selenium.NoSuchSessionException: invalid session id: session deleted as the browser has closed the connection
from disconnected: not connected to DevTools
  (Session info: chrome=138.0.7204.101)
Build info: version: '4.15.0', revision: '1d14b5521b'
System info: os.name: 'Mac OS X', os.arch: 'aarch64', os.version: '15.5', java.version: '22'
Driver info: org.openqa.selenium.chrome.ChromeDriver
Command: [c5c59c01ef33bc6972699909a69d3458, getCurrentUrl {}]
Capabilities {acceptInsecureCerts: false, browserName: chrome, browserVersion: 138.0.7204.101, chrome: {chromedriverVersion: 138.0.7204.94 (545025748884..., userDataDir: /var/folders/r7/txnbj3xx6mn...}, fedcm:accounts: true, goog:chromeOptions: {debuggerAddress: localhost:58652}, networkConnectionEnabled: false, pageLoadStrategy: normal, platformName: mac, proxy: Proxy(), se:cdp: ws://localhost:58652/devtoo..., se:cdpVersion: 138.0.7204.101, setWindowRect: true, strictFileInteractability: false, timeouts: {implicit: 0, pageLoad: 300000, script: 30000}, unhandledPromptBehavior: dismiss and notify, webauthn:extension:credBlob: true, webauthn:extension:largeBlob: true, webauthn:extension:minPinLength: true, webauthn:extension:prf: true, webauthn:virtualAuthenticators: true}
Session ID: c5c59c01ef33bc6972699909a69d3458
	at java.base/jdk.internal.reflect.DirectConstructorHandleAccessor.newInstance(DirectConstructorHandleAccessor.java:62)
	at java.base/java.lang.reflect.Constructor.newInstanceWithCaller(Constructor.java:502)
	at java.base/java.lang.reflect.Constructor.newInstance(Constructor.java:486)
	at org.openqa.selenium.remote.codec.w3c.W3CHttpResponseCodec.createException(W3CHttpResponseCodec.java:200)
	at org.openqa.selenium.remote.codec.w3c.W3CHttpResponseCodec.decode(W3CHttpResponseCodec.java:133)
	at org.openqa.selenium.remote.codec.w3c.W3CHttpResponseCodec.decode(W3CHttpResponseCodec.java:52)
	at org.openqa.selenium.remote.HttpCommandExecutor.execute(HttpCommandExecutor.java:191)
	at org.openqa.selenium.remote.service.DriverCommandExecutor.invokeExecute(DriverCommandExecutor.java:200)
	at org.openqa.selenium.remote.service.DriverCommandExecutor.execute(DriverCommandExecutor.java:175)
	at org.openqa.selenium.remote.RemoteWebDriver.execute(RemoteWebDriver.java:607)
	at org.openqa.selenium.remote.RemoteWebDriver.execute(RemoteWebDriver.java:680)
	at org.openqa.selenium.remote.RemoteWebDriver.execute(RemoteWebDriver.java:684)
	at org.openqa.selenium.remote.RemoteWebDriver.getCurrentUrl(RemoteWebDriver.java:321)
	at com.leetcodetojava.service.LeetCodeMonitorService.checkForSubmissions(LeetCodeMonitorService.java:82)
	at com.leetcodetojava.LeetCodeUploader.lambda$startMonitoring$0(LeetCodeUploader.java:78)
	at java.base/java.util.concurrent.Executors$RunnableAdapter.call(Executors.java:572)
	at java.base/java.util.concurrent.FutureTask.runAndReset(FutureTask.java:358)
	at java.base/java.util.concurrent.ScheduledThreadPoolExecutor$ScheduledFutureTask.run(ScheduledThreadPoolExecutor.java:305)
	at java.base/java.util.concurrent.ThreadPoolExecutor.runWorker(ThreadPoolExecutor.java:1144)
	at java.base/java.util.concurrent.ThreadPoolExecutor$Worker.run(ThreadPoolExecutor.java:642)
	at java.base/java.lang.Thread.run(Thread.java:1570)
2025-07-13 01:46:53.324 [pool-1-thread-1] ERROR c.l.service.LeetCodeMonitorService - Error checking for submissions
org.openqa.selenium.NoSuchSessionException: invalid session id
Build info: version: '4.15.0', revision: '1d14b5521b'
System info: os.name: 'Mac OS X', os.arch: 'aarch64', os.version: '15.5', java.version: '22'
Driver info: org.openqa.selenium.chrome.ChromeDriver
Command: [c5c59c01ef33bc6972699909a69d3458, getCurrentUrl {}]
Capabilities {acceptInsecureCerts: false, browserName: chrome, browserVersion: 138.0.7204.101, chrome: {chromedriverVersion: 138.0.7204.94 (545025748884..., userDataDir: /var/folders/r7/txnbj3xx6mn...}, fedcm:accounts: true, goog:chromeOptions: {debuggerAddress: localhost:58652}, networkConnectionEnabled: false, pageLoadStrategy: normal, platformName: mac, proxy: Proxy(), se:cdp: ws://localhost:58652/devtoo..., se:cdpVersion: 138.0.7204.101, setWindowRect: true, strictFileInteractability: false, timeouts: {implicit: 0, pageLoad: 300000, script: 30000}, unhandledPromptBehavior: dismiss and notify, webauthn:extension:credBlob: true, webauthn:extension:largeBlob: true, webauthn:extension:minPinLength: true, webauthn:extension:prf: true, webauthn:virtualAuthenticators: true}
Session ID: c5c59c01ef33bc6972699909a69d3458
	at java.base/jdk.internal.reflect.DirectConstructorHandleAccessor.newInstance(DirectConstructorHandleAccessor.java:62)
	at java.base/java.lang.reflect.Constructor.newInstanceWithCaller(Constructor.java:502)
	at java.base/java.lang.reflect.Constructor.newInstance(Constructor.java:486)
	at org.openqa.selenium.remote.codec.w3c.W3CHttpResponseCodec.createException(W3CHttpResponseCodec.java:200)
	at org.openqa.selenium.remote.codec.w3c.W3CHttpResponseCodec.decode(W3CHttpResponseCodec.java:133)
	at org.openqa.selenium.remote.codec.w3c.W3CHttpResponseCodec.decode(W3CHttpResponseCodec.java:52)
	at org.openqa.selenium.remote.HttpCommandExecutor.execute(HttpCommandExecutor.java:191)
	at org.openqa.selenium.remote.service.DriverCommandExecutor.invokeExecute(DriverCommandExecutor.java:200)
	at org.openqa.selenium.remote.service.DriverCommandExecutor.execute(DriverCommandExecutor.java:175)
	at org.openqa.selenium.remote.RemoteWebDriver.execute(RemoteWebDriver.java:607)
	at org.openqa.selenium.remote.RemoteWebDriver.execute(RemoteWebDriver.java:680)
	at org.openqa.selenium.remote.RemoteWebDriver.execute(RemoteWebDriver.java:684)
	at org.openqa.selenium.remote.RemoteWebDriver.getCurrentUrl(RemoteWebDriver.java:321)
	at com.leetcodetojava.service.LeetCodeMonitorService.checkForSubmissions(LeetCodeMonitorService.java:82)
	at com.leetcodetojava.LeetCodeUploader.lambda$startMonitoring$0(LeetCodeUploader.java:78)
	at java.base/java.util.concurrent.Executors$RunnableAdapter.call(Executors.java:572)
	at java.base/java.util.concurrent.FutureTask.runAndReset(FutureTask.java:358)
	at java.base/java.util.concurrent.ScheduledThreadPoolExecutor$ScheduledFutureTask.run(ScheduledThreadPoolExecutor.java:305)
	at java.base/java.util.concurrent.ThreadPoolExecutor.runWorker(ThreadPoolExecutor.java:1144)
	at java.base/java.util.concurrent.ThreadPoolExecutor$Worker.run(ThreadPoolExecutor.java:642)
	at java.base/java.lang.Thread.run(Thread.java:1570)
2025-07-13 01:46:55.992 [Thread-0] INFO  com.leetcodetojava.LeetCodeUploader - Shutting down LeetCode Uploader...
2025-07-13 01:46:55.992 [Thread-0] INFO  com.leetcodetojava.LeetCodeUploader - LeetCode Uploader stopped.
2025-07-13 01:46:59.761 [main] INFO  c.l.config.ConfigurationManager - Configuration loaded from /Users/aymenkhan/Desktop/leet2hub/config.properties
2025-07-13 01:46:59.762 [main] WARN  c.l.config.ConfigurationManager - GitHub token format doesn't match expected pattern
2025-07-13 01:46:59.762 [main] INFO  c.l.config.ConfigurationManager - Configuration validation passed
2025-07-13 01:46:59.762 [main] INFO  com.leetcodetojava.LeetCodeUploader - Configuration loaded successfully
2025-07-13 01:46:59.762 [main] INFO  com.leetcodetojava.LeetCodeUploader - GitHub Repository: https://github.com/siddiquealikhan/leetcode-solutions
2025-07-13 01:46:59.762 [main] INFO  com.leetcodetojava.LeetCodeUploader - Monitoring LeetCode submissions...
2025-07-13 01:46:59.763 [main] INFO  com.leetcodetojava.LeetCodeUploader - Monitoring started. Checking for submissions every 3 seconds...
2025-07-13 01:46:59.769 [pool-1-thread-1] INFO  c.l.service.LeetCodeMonitorService - Running in visible mode - Chrome window should be visible
2025-07-13 01:47:01.027 [pool-1-thread-1] INFO  c.l.service.LeetCodeMonitorService - WebDriver initialized successfully
2025-07-13 01:47:02.173 [pool-1-thread-1] INFO  c.l.service.LeetCodeMonitorService - Navigated to LeetCode
2025-07-13 01:48:04.143 [pool-1-thread-1] INFO  c.l.service.LeetCodeMonitorService - Detected problem: reverse-integer
2025-07-13 01:48:26.802 [pool-1-thread-1] INFO  c.l.service.LeetCodeMonitorService - Found accepted submission on submissions page for: reverse-integer
2025-07-13 01:48:26.803 [pool-1-thread-1] WARN  c.l.service.LeetCodeMonitorService - No pending submission found for accepted result: reverse-integer
2025-07-13 01:48:26.803 [pool-1-thread-1] INFO  c.l.service.LeetCodeMonitorService - Processed submission result, redirecting to main problem page: https://leetcode.com/problems/reverse-integer/
2025-07-13 01:50:16.124 [Thread-0] INFO  com.leetcodetojava.LeetCodeUploader - Shutting down LeetCode Uploader...
2025-07-13 01:50:16.158 [Thread-0] INFO  com.leetcodetojava.LeetCodeUploader - LeetCode Uploader stopped.
2025-07-13 01:50:20.118 [main] INFO  c.l.config.ConfigurationManager - Configuration loaded from /Users/aymenkhan/Desktop/leet2hub/config.properties
2025-07-13 01:50:20.119 [main] WARN  c.l.config.ConfigurationManager - GitHub token format doesn't match expected pattern
2025-07-13 01:50:20.119 [main] INFO  c.l.config.ConfigurationManager - Configuration validation passed
2025-07-13 01:50:20.119 [main] INFO  com.leetcodetojava.LeetCodeUploader - Configuration loaded successfully
2025-07-13 01:50:20.119 [main] INFO  com.leetcodetojava.LeetCodeUploader - GitHub Repository: https://github.com/siddiquealikhan/leetcode-solutions
2025-07-13 01:50:20.119 [main] INFO  com.leetcodetojava.LeetCodeUploader - Monitoring LeetCode submissions...
2025-07-13 01:50:20.120 [main] INFO  com.leetcodetojava.LeetCodeUploader - Monitoring started. Checking for submissions every 3 seconds...
2025-07-13 01:50:20.123 [pool-1-thread-1] INFO  c.l.service.LeetCodeMonitorService - Running in visible mode - Chrome window should be visible
2025-07-13 01:50:21.736 [pool-1-thread-1] INFO  c.l.service.LeetCodeMonitorService - WebDriver initialized successfully
2025-07-13 01:50:23.079 [pool-1-thread-1] INFO  c.l.service.LeetCodeMonitorService - Navigated to LeetCode
2025-07-13 01:50:38.980 [Thread-0] INFO  com.leetcodetojava.LeetCodeUploader - Shutting down LeetCode Uploader...
2025-07-13 01:50:38.982 [Thread-0] INFO  com.leetcodetojava.LeetCodeUploader - LeetCode Uploader stopped.
2025-07-13 01:50:41.260 [main] INFO  c.l.config.ConfigurationManager - Configuration loaded from /Users/aymenkhan/Desktop/leet2hub/config.properties
2025-07-13 01:50:41.261 [main] WARN  c.l.config.ConfigurationManager - GitHub token format doesn't match expected pattern
2025-07-13 01:50:41.261 [main] INFO  c.l.config.ConfigurationManager - Configuration validation passed
2025-07-13 01:50:41.261 [main] INFO  com.leetcodetojava.LeetCodeUploader - Configuration loaded successfully
2025-07-13 01:50:41.261 [main] INFO  com.leetcodetojava.LeetCodeUploader - GitHub Repository: https://github.com/siddiquealikhan/leetcode-solutions
2025-07-13 01:50:41.261 [main] INFO  com.leetcodetojava.LeetCodeUploader - Monitoring LeetCode submissions...
2025-07-13 01:50:41.261 [main] INFO  com.leetcodetojava.LeetCodeUploader - Monitoring started. Checking for submissions every 3 seconds...
2025-07-13 01:50:41.264 [pool-1-thread-1] INFO  c.l.service.LeetCodeMonitorService - Running in visible mode - Chrome window should be visible
2025-07-13 01:50:42.406 [pool-1-thread-1] INFO  c.l.service.LeetCodeMonitorService - WebDriver initialized successfully
2025-07-13 01:50:43.532 [pool-1-thread-1] INFO  c.l.service.LeetCodeMonitorService - Navigated to LeetCode
2025-07-13 01:53:15.091 [pool-1-thread-1] INFO  c.l.service.LeetCodeMonitorService - Detected problem: integer-to-roman
2025-07-13 01:53:50.307 [pool-1-thread-1] INFO  c.l.service.LeetCodeMonitorService - Found accepted submission on submissions page for: integer-to-roman
2025-07-13 01:53:50.308 [pool-1-thread-1] WARN  c.l.service.LeetCodeMonitorService - No pending submission found for accepted result: integer-to-roman
2025-07-13 01:53:50.308 [pool-1-thread-1] INFO  c.l.service.LeetCodeMonitorService - Attempting to extract code from submissions page for: integer-to-roman
2025-07-13 01:53:50.392 [pool-1-thread-1] INFO  c.l.service.LeetCodeMonitorService - Successfully extracted code from submissions page using selector: .monaco-editor
2025-07-13 01:53:51.913 [pool-1-thread-1] INFO  com.leetcodetojava.service.GitHubService - Successfully uploaded: Added java solution for integer-to-roman
2025-07-13 01:53:51.913 [pool-1-thread-1] INFO  com.leetcodetojava.service.GitHubService - File URL: https://github.com/siddiquealikhan/leetcode-solutions/blob/main/integer-to-roman/integer-to-roman.java
2025-07-13 01:53:51.913 [pool-1-thread-1] INFO  c.l.service.LeetCodeMonitorService - Successfully uploaded code extracted from submissions page for: integer-to-roman
2025-07-13 01:53:51.914 [pool-1-thread-1] INFO  c.l.service.LeetCodeMonitorService - Processed submission result, redirecting to main problem page: https://leetcode.com/problems/integer-to-roman/
2025-07-13 01:56:23.274 [pool-1-thread-1] ERROR c.l.service.LeetCodeMonitorService - Error checking for submissions
org.openqa.selenium.NoSuchSessionException: invalid session id: session deleted as the browser has closed the connection
from disconnected: not connected to DevTools
  (Session info: chrome=138.0.7204.101)
Build info: version: '4.15.0', revision: '1d14b5521b'
System info: os.name: 'Mac OS X', os.arch: 'aarch64', os.version: '15.5', java.version: '22'
Driver info: org.openqa.selenium.chrome.ChromeDriver
Command: [4a973c47e64f86fc75653f973d9291ca, getCurrentUrl {}]
Capabilities {acceptInsecureCerts: false, browserName: chrome, browserVersion: 138.0.7204.101, chrome: {chromedriverVersion: 138.0.7204.94 (545025748884..., userDataDir: /var/folders/r7/txnbj3xx6mn...}, fedcm:accounts: true, goog:chromeOptions: {debuggerAddress: localhost:59100}, networkConnectionEnabled: false, pageLoadStrategy: normal, platformName: mac, proxy: Proxy(), se:cdp: ws://localhost:59100/devtoo..., se:cdpVersion: 138.0.7204.101, setWindowRect: true, strictFileInteractability: false, timeouts: {implicit: 0, pageLoad: 300000, script: 30000}, unhandledPromptBehavior: dismiss and notify, webauthn:extension:credBlob: true, webauthn:extension:largeBlob: true, webauthn:extension:minPinLength: true, webauthn:extension:prf: true, webauthn:virtualAuthenticators: true}
Session ID: 4a973c47e64f86fc75653f973d9291ca
	at java.base/jdk.internal.reflect.DirectConstructorHandleAccessor.newInstance(DirectConstructorHandleAccessor.java:62)
	at java.base/java.lang.reflect.Constructor.newInstanceWithCaller(Constructor.java:502)
	at java.base/java.lang.reflect.Constructor.newInstance(Constructor.java:486)
	at org.openqa.selenium.remote.codec.w3c.W3CHttpResponseCodec.createException(W3CHttpResponseCodec.java:200)
	at org.openqa.selenium.remote.codec.w3c.W3CHttpResponseCodec.decode(W3CHttpResponseCodec.java:133)
	at org.openqa.selenium.remote.codec.w3c.W3CHttpResponseCodec.decode(W3CHttpResponseCodec.java:52)
	at org.openqa.selenium.remote.HttpCommandExecutor.execute(HttpCommandExecutor.java:191)
	at org.openqa.selenium.remote.service.DriverCommandExecutor.invokeExecute(DriverCommandExecutor.java:200)
	at org.openqa.selenium.remote.service.DriverCommandExecutor.execute(DriverCommandExecutor.java:175)
	at org.openqa.selenium.remote.RemoteWebDriver.execute(RemoteWebDriver.java:607)
	at org.openqa.selenium.remote.RemoteWebDriver.execute(RemoteWebDriver.java:680)
	at org.openqa.selenium.remote.RemoteWebDriver.execute(RemoteWebDriver.java:684)
	at org.openqa.selenium.remote.RemoteWebDriver.getCurrentUrl(RemoteWebDriver.java:321)
	at com.leetcodetojava.service.LeetCodeMonitorService.checkForSubmissions(LeetCodeMonitorService.java:82)
	at com.leetcodetojava.LeetCodeUploader.lambda$startMonitoring$0(LeetCodeUploader.java:78)
	at java.base/java.util.concurrent.Executors$RunnableAdapter.call(Executors.java:572)
	at java.base/java.util.concurrent.FutureTask.runAndReset(FutureTask.java:358)
	at java.base/java.util.concurrent.ScheduledThreadPoolExecutor$ScheduledFutureTask.run(ScheduledThreadPoolExecutor.java:305)
	at java.base/java.util.concurrent.ThreadPoolExecutor.runWorker(ThreadPoolExecutor.java:1144)
	at java.base/java.util.concurrent.ThreadPoolExecutor$Worker.run(ThreadPoolExecutor.java:642)
	at java.base/java.lang.Thread.run(Thread.java:1570)
2025-07-13 01:56:26.287 [pool-1-thread-1] ERROR c.l.service.LeetCodeMonitorService - Error checking for submissions
org.openqa.selenium.NoSuchSessionException: invalid session id
Build info: version: '4.15.0', revision: '1d14b5521b'
System info: os.name: 'Mac OS X', os.arch: 'aarch64', os.version: '15.5', java.version: '22'
Driver info: org.openqa.selenium.chrome.ChromeDriver
Command: [4a973c47e64f86fc75653f973d9291ca, getCurrentUrl {}]
Capabilities {acceptInsecureCerts: false, browserName: chrome, browserVersion: 138.0.7204.101, chrome: {chromedriverVersion: 138.0.7204.94 (545025748884..., userDataDir: /var/folders/r7/txnbj3xx6mn...}, fedcm:accounts: true, goog:chromeOptions: {debuggerAddress: localhost:59100}, networkConnectionEnabled: false, pageLoadStrategy: normal, platformName: mac, proxy: Proxy(), se:cdp: ws://localhost:59100/devtoo..., se:cdpVersion: 138.0.7204.101, setWindowRect: true, strictFileInteractability: false, timeouts: {implicit: 0, pageLoad: 300000, script: 30000}, unhandledPromptBehavior: dismiss and notify, webauthn:extension:credBlob: true, webauthn:extension:largeBlob: true, webauthn:extension:minPinLength: true, webauthn:extension:prf: true, webauthn:virtualAuthenticators: true}
Session ID: 4a973c47e64f86fc75653f973d9291ca
	at java.base/jdk.internal.reflect.DirectConstructorHandleAccessor.newInstance(DirectConstructorHandleAccessor.java:62)
	at java.base/java.lang.reflect.Constructor.newInstanceWithCaller(Constructor.java:502)
	at java.base/java.lang.reflect.Constructor.newInstance(Constructor.java:486)
	at org.openqa.selenium.remote.codec.w3c.W3CHttpResponseCodec.createException(W3CHttpResponseCodec.java:200)
	at org.openqa.selenium.remote.codec.w3c.W3CHttpResponseCodec.decode(W3CHttpResponseCodec.java:133)
	at org.openqa.selenium.remote.codec.w3c.W3CHttpResponseCodec.decode(W3CHttpResponseCodec.java:52)
	at org.openqa.selenium.remote.HttpCommandExecutor.execute(HttpCommandExecutor.java:191)
	at org.openqa.selenium.remote.service.DriverCommandExecutor.invokeExecute(DriverCommandExecutor.java:200)
	at org.openqa.selenium.remote.service.DriverCommandExecutor.execute(DriverCommandExecutor.java:175)
	at org.openqa.selenium.remote.RemoteWebDriver.execute(RemoteWebDriver.java:607)
	at org.openqa.selenium.remote.RemoteWebDriver.execute(RemoteWebDriver.java:680)
	at org.openqa.selenium.remote.RemoteWebDriver.execute(RemoteWebDriver.java:684)
	at org.openqa.selenium.remote.RemoteWebDriver.getCurrentUrl(RemoteWebDriver.java:321)
	at com.leetcodetojava.service.LeetCodeMonitorService.checkForSubmissions(LeetCodeMonitorService.java:82)
	at com.leetcodetojava.LeetCodeUploader.lambda$startMonitoring$0(LeetCodeUploader.java:78)
	at java.base/java.util.concurrent.Executors$RunnableAdapter.call(Executors.java:572)
	at java.base/java.util.concurrent.FutureTask.runAndReset(FutureTask.java:358)
	at java.base/java.util.concurrent.ScheduledThreadPoolExecutor$ScheduledFutureTask.run(ScheduledThreadPoolExecutor.java:305)
	at java.base/java.util.concurrent.ThreadPoolExecutor.runWorker(ThreadPoolExecutor.java:1144)
	at java.base/java.util.concurrent.ThreadPoolExecutor$Worker.run(ThreadPoolExecutor.java:642)
	at java.base/java.lang.Thread.run(Thread.java:1570)
2025-07-13 01:56:29.270 [pool-1-thread-1] ERROR c.l.service.LeetCodeMonitorService - Error checking for submissions
org.openqa.selenium.NoSuchSessionException: invalid session id
Build info: version: '4.15.0', revision: '1d14b5521b'
System info: os.name: 'Mac OS X', os.arch: 'aarch64', os.version: '15.5', java.version: '22'
Driver info: org.openqa.selenium.chrome.ChromeDriver
Command: [4a973c47e64f86fc75653f973d9291ca, getCurrentUrl {}]
Capabilities {acceptInsecureCerts: false, browserName: chrome, browserVersion: 138.0.7204.101, chrome: {chromedriverVersion: 138.0.7204.94 (545025748884..., userDataDir: /var/folders/r7/txnbj3xx6mn...}, fedcm:accounts: true, goog:chromeOptions: {debuggerAddress: localhost:59100}, networkConnectionEnabled: false, pageLoadStrategy: normal, platformName: mac, proxy: Proxy(), se:cdp: ws://localhost:59100/devtoo..., se:cdpVersion: 138.0.7204.101, setWindowRect: true, strictFileInteractability: false, timeouts: {implicit: 0, pageLoad: 300000, script: 30000}, unhandledPromptBehavior: dismiss and notify, webauthn:extension:credBlob: true, webauthn:extension:largeBlob: true, webauthn:extension:minPinLength: true, webauthn:extension:prf: true, webauthn:virtualAuthenticators: true}
Session ID: 4a973c47e64f86fc75653f973d9291ca
	at java.base/jdk.internal.reflect.DirectConstructorHandleAccessor.newInstance(DirectConstructorHandleAccessor.java:62)
	at java.base/java.lang.reflect.Constructor.newInstanceWithCaller(Constructor.java:502)
	at java.base/java.lang.reflect.Constructor.newInstance(Constructor.java:486)
	at org.openqa.selenium.remote.codec.w3c.W3CHttpResponseCodec.createException(W3CHttpResponseCodec.java:200)
	at org.openqa.selenium.remote.codec.w3c.W3CHttpResponseCodec.decode(W3CHttpResponseCodec.java:133)
	at org.openqa.selenium.remote.codec.w3c.W3CHttpResponseCodec.decode(W3CHttpResponseCodec.java:52)
	at org.openqa.selenium.remote.HttpCommandExecutor.execute(HttpCommandExecutor.java:191)
	at org.openqa.selenium.remote.service.DriverCommandExecutor.invokeExecute(DriverCommandExecutor.java:200)
	at org.openqa.selenium.remote.service.DriverCommandExecutor.execute(DriverCommandExecutor.java:175)
	at org.openqa.selenium.remote.RemoteWebDriver.execute(RemoteWebDriver.java:607)
	at org.openqa.selenium.remote.RemoteWebDriver.execute(RemoteWebDriver.java:680)
	at org.openqa.selenium.remote.RemoteWebDriver.execute(RemoteWebDriver.java:684)
	at org.openqa.selenium.remote.RemoteWebDriver.getCurrentUrl(RemoteWebDriver.java:321)
	at com.leetcodetojava.service.LeetCodeMonitorService.checkForSubmissions(LeetCodeMonitorService.java:82)
	at com.leetcodetojava.LeetCodeUploader.lambda$startMonitoring$0(LeetCodeUploader.java:78)
	at java.base/java.util.concurrent.Executors$RunnableAdapter.call(Executors.java:572)
	at java.base/java.util.concurrent.FutureTask.runAndReset(FutureTask.java:358)
	at java.base/java.util.concurrent.ScheduledThreadPoolExecutor$ScheduledFutureTask.run(ScheduledThreadPoolExecutor.java:305)
	at java.base/java.util.concurrent.ThreadPoolExecutor.runWorker(ThreadPoolExecutor.java:1144)
	at java.base/java.util.concurrent.ThreadPoolExecutor$Worker.run(ThreadPoolExecutor.java:642)
	at java.base/java.lang.Thread.run(Thread.java:1570)
2025-07-13 01:56:29.605 [Thread-0] INFO  com.leetcodetojava.LeetCodeUploader - Shutting down LeetCode Uploader...
2025-07-13 01:56:29.606 [Thread-0] INFO  com.leetcodetojava.LeetCodeUploader - LeetCode Uploader stopped.
2025-07-13 01:56:58.958 [main] INFO  c.l.config.ConfigurationManager - Configuration loaded from /Users/aymenkhan/Desktop/leet2hub/config.properties
2025-07-13 01:56:58.959 [main] WARN  c.l.config.ConfigurationManager - GitHub token format doesn't match expected pattern
2025-07-13 01:56:58.959 [main] INFO  c.l.config.ConfigurationManager - Configuration validation passed
2025-07-13 01:56:58.959 [main] INFO  com.leetcodetojava.LeetCodeUploader - Configuration loaded successfully
2025-07-13 01:56:58.959 [main] INFO  com.leetcodetojava.LeetCodeUploader - GitHub Repository: https://github.com/siddiquealikhan/leetcode-solutions
2025-07-13 01:56:58.959 [main] INFO  com.leetcodetojava.LeetCodeUploader - Monitoring LeetCode submissions...
2025-07-13 01:56:58.960 [main] INFO  com.leetcodetojava.LeetCodeUploader - Monitoring started. Checking for submissions every 3 seconds...
2025-07-13 01:56:58.962 [pool-1-thread-1] INFO  c.l.service.LeetCodeMonitorService - Running in visible mode - Chrome window should be visible
2025-07-13 01:57:00.443 [pool-1-thread-1] INFO  c.l.service.LeetCodeMonitorService - WebDriver initialized successfully
2025-07-13 01:57:01.825 [pool-1-thread-1] INFO  c.l.service.LeetCodeMonitorService - Navigated to LeetCode
2025-07-13 01:57:32.080 [pool-1-thread-1] INFO  c.l.service.LeetCodeMonitorService - Detected problem: 3sum
2025-07-13 01:58:04.988 [pool-1-thread-1] INFO  c.l.service.LeetCodeMonitorService - Found accepted submission on submissions page for: 3sum
2025-07-13 01:58:04.989 [pool-1-thread-1] WARN  c.l.service.LeetCodeMonitorService - No pending submission found for accepted result: 3sum
2025-07-13 01:58:04.989 [pool-1-thread-1] INFO  c.l.service.LeetCodeMonitorService - Attempting to extract code from submissions page for: 3sum
2025-07-13 01:58:05.069 [pool-1-thread-1] INFO  c.l.service.LeetCodeMonitorService - Successfully extracted code from submissions page using selector: .monaco-editor
2025-07-13 01:58:06.352 [pool-1-thread-1] INFO  com.leetcodetojava.service.GitHubService - Successfully uploaded: Added java solution for 3sum
2025-07-13 01:58:06.352 [pool-1-thread-1] INFO  com.leetcodetojava.service.GitHubService - File URL: https://github.com/siddiquealikhan/leetcode-solutions/blob/main/3sum/3sum.java
2025-07-13 01:58:06.353 [pool-1-thread-1] INFO  c.l.service.LeetCodeMonitorService - Successfully uploaded code extracted from submissions page for: 3sum
2025-07-13 01:58:06.353 [pool-1-thread-1] INFO  c.l.service.LeetCodeMonitorService - Processed submission result, redirecting to main problem page: https://leetcode.com/problems/3sum/
2025-07-13 01:59:10.883 [Thread-0] INFO  com.leetcodetojava.LeetCodeUploader - Shutting down LeetCode Uploader...
2025-07-13 01:59:10.886 [Thread-0] INFO  com.leetcodetojava.LeetCodeUploader - LeetCode Uploader stopped.
